<?xml version="1.0" encoding="UTF-8"?>
<!-- Generated by org.testng.reporters.JUnitReportReporter -->
<testsuite hostname="LAPTOP-3PDD3GI7" failures="0" tests="2" name="NewTestNG.LoginTest" time="11.668" errors="0" timestamp="2021-04-06T20:28:46 IST" skipped="0">
  <testcase classname="NewTestNG.LoginTest" name="fb" time="6.802"/>
  <system-out/>
  <testcase classname="NewTestNG.LoginTest" name="launchBrowser" time="4.866"/>
  <system-out/>
</testsuite> <!-- NewTestNG.LoginTest -->
