<?xml version="1.0" encoding="UTF-8"?>
<!-- Generated by org.testng.reporters.JUnitReportReporter -->
<testsuite hostname="LAPTOP-3PDD3GI7" failures="0" tests="3" name="NewTestNG.FirstTestNgScript" time="0.023" errors="0" timestamp="2021-04-06T19:27:54 IST" skipped="0">
  <testcase classname="NewTestNG.FirstTestNgScript" name="loginApllication" time="0.015"/>
  <system-out/>
  <testcase classname="NewTestNG.FirstTestNgScript" name="selectItem" time="0.006"/>
  <system-out/>
  <testcase classname="NewTestNG.FirstTestNgScript" name="checkOUT" time="0.002"/>
  <system-out/>
</testsuite> <!-- NewTestNG.FirstTestNgScript -->
