<?xml version="1.0" encoding="UTF-8"?>
<!-- Generated by org.testng.reporters.JUnitReportReporter -->
<testsuite hostname="LAPTOP-3PDD3GI7" failures="0" tests="4" name="NewTestNG.PriorityDemo" time="0.028" errors="0" timestamp="2021-04-08T19:46:54 IST" skipped="0">
  <testcase classname="NewTestNG.PriorityDemo" name="test1" time="0.022"/>
  <system-out/>
  <testcase classname="NewTestNG.PriorityDemo" name="test2" time="0.001"/>
  <system-out/>
  <testcase classname="NewTestNG.PriorityDemo" name="test4" time="0.002"/>
  <system-out/>
  <testcase classname="NewTestNG.PriorityDemo" name="test3" time="0.003"/>
  <system-out/>
</testsuite> <!-- NewTestNG.PriorityDemo -->
