<?xml version="1.0" encoding="UTF-8"?>
<!-- Generated by org.testng.reporters.JUnitReportReporter -->
<testsuite hostname="LAPTOP-3PDD3GI7" failures="0" tests="1" name="NewTestNG.TestNgDemo" time="0.011" errors="0" timestamp="2021-04-07T19:43:31 IST" skipped="0">
  <testcase classname="NewTestNG.TestNgDemo" name="testCase1" time="0.011"/>
  <system-out/>
</testsuite> <!-- NewTestNG.TestNgDemo -->
