<?xml version="1.0" encoding="UTF-8"?>
<!-- Generated by org.testng.reporters.JUnitReportReporter -->
<testsuite hostname="LAPTOP-3PDD3GI7" failures="0" tests="2" name="NewTestNG.GroupsDemo" time="0.021" errors="0" timestamp="2021-04-08T21:42:34 IST" skipped="0">
  <testcase classname="NewTestNG.GroupsDemo" name="sub" time="0.003"/>
  <system-out/>
  <testcase classname="NewTestNG.GroupsDemo" name="add" time="0.018"/>
  <system-out/>
</testsuite> <!-- NewTestNG.GroupsDemo -->
